# JRE version: OpenJDK Runtime Environment (21.0.2+13) (build 21.0.2+13-58)
# Java VM: OpenJDK 64-Bit Server VM (21.0.2+13-58, mixed mode, emulated-client, sharing, tiered, compressed oops, compressed class ptrs, g1 gc, windows-amd64)
GC Precious Log:
 CardTable entry size: 512
 Card Set container configuration: InlinePtr #cards 4 size 8 Array Of Cards #cards 16 size 48 Howl #buckets 8 coarsen threshold 3686 Howl Bitmap #cards 512 size 80 coarsen threshold 460 Card regions per heap region 1 cards per card region 4096
 CPUs: 8 total, 8 available
 Memory: 16192M
 Large Page Support: Disabled
 NUMA Support: Disabled
 Compressed Oops: Enabled (Zero based)
 Heap Region Size: 2M
 Heap Min Capacity: 8M
 Heap Initial Capacity: 254M
 Heap Max Capacity: 4050M
 Pre-touch: Disabled
 Parallel Workers: 8
 Concurrent Workers: 2
 Concurrent Refinement Workers: 8
 Periodic GC: Disabled
Heap:
 garbage-first heap   total 71680K, used 32269K [0x0000000702e00000, 0x0000000800000000)
  region size 2048K, 1 young (2048K), 1 survivors (2048K)
 Metaspace       used 74782K, committed 75584K, reserved 1114112K
  class space    used 10814K, committed 11200K, reserved 1048576K
GC Heap History (20 events):
Event: 10699.031 GC heap after
{Heap after GC invocations=90 (full 0):
 garbage-first heap   total 71680K, used 32248K [0x0000000702e00000, 0x0000000800000000)
  region size 2048K, 1 young (2048K), 1 survivors (2048K)
 Metaspace       used 74780K, committed 75584K, reserved 1114112K
  class space    used 10813K, committed 11200K, reserved 1048576K
}
Event: 11070.739 GC heap before
{Heap before GC invocations=90 (full 0):
 garbage-first heap   total 71680K, used 60920K [0x0000000702e00000, 0x0000000800000000)
  region size 2048K, 15 young (30720K), 1 survivors (2048K)
 Metaspace       used 74780K, committed 75584K, reserved 1114112K
  class space    used 10813K, committed 11200K, reserved 1048576K
}
Event: 11070.934 GC heap after
{Heap after GC invocations=91 (full 0):
 garbage-first heap   total 71680K, used 32274K [0x0000000702e00000, 0x0000000800000000)
  region size 2048K, 1 young (2048K), 1 survivors (2048K)
 Metaspace       used 74780K, committed 75584K, reserved 1114112K
  class space    used 10813K, committed 11200K, reserved 1048576K
}
Event: 11427.120 GC heap before
{Heap before GC invocations=92 (full 0):
 garbage-first heap   total 71680K, used 60946K [0x0000000702e00000, 0x0000000800000000)
  region size 2048K, 15 young (30720K), 1 survivors (2048K)
 Metaspace       used 74782K, committed 75584K, reserved 1114112K
  class space    used 10814K, committed 11200K, reserved 1048576K
}
Event: 11427.290 GC heap after
{Heap after GC invocations=93 (full 0):
 garbage-first heap   total 71680K, used 32345K [0x0000000702e00000, 0x0000000800000000)
  region size 2048K, 1 young (2048K), 1 survivors (2048K)
 Metaspace       used 74782K, committed 75584K, reserved 1114112K
  class space    used 10814K, committed 11200K, reserved 1048576K
}
Event: 11758.687 GC heap before
{Heap before GC invocations=93 (full 0):
 garbage-first heap   total 71680K, used 61017K [0x0000000702e00000, 0x0000000800000000)
  region size 2048K, 15 young (30720K), 1 survivors (2048K)
 Metaspace       used 74782K, committed 75584K, reserved 1114112K
  class space    used 10814K, committed 11200K, reserved 1048576K
}
Event: 11758.798 GC heap after
{Heap after GC invocations=94 (full 0):
 garbage-first heap   total 71680K, used 32470K [0x0000000702e00000, 0x0000000800000000)
  region size 2048K, 1 young (2048K), 1 survivors (2048K)
 Metaspace       used 74782K, committed 75584K, reserved 1114112K
  class space    used 10814K, committed 11200K, reserved 1048576K
}
Event: 12124.452 GC heap before
{Heap before GC invocations=95 (full 0):
 garbage-first heap   total 71680K, used 61142K [0x0000000702e00000, 0x0000000800000000)
  region size 2048K, 15 young (30720K), 1 survivors (2048K)
 Metaspace       used 74782K, committed 75584K, reserved 1114112K
  class space    used 10814K, committed 11200K, reserved 1048576K
}
Event: 12124.625 GC heap after
{Heap after GC invocations=96 (full 0):
 garbage-first heap   total 71680K, used 32259K [0x0000000702e00000, 0x0000000800000000)
  region size 2048K, 1 young (2048K), 1 survivors (2048K)
 Metaspace       used 74782K, committed 75584K, reserved 1114112K
  class space    used 10814K, committed 11200K, reserved 1048576K
}
Event: 12486.679 GC heap before
{Heap before GC invocations=96 (full 0):
 garbage-first heap   total 71680K, used 60931K [0x0000000702e00000, 0x0000000800000000)
  region size 2048K, 15 young (30720K), 1 survivors (2048K)
 Metaspace       used 74782K, committed 75584K, reserved 1114112K
  class space    used 10814K, committed 11200K, reserved 1048576K
}
Event: 12486.792 GC heap after
{Heap after GC invocations=97 (full 0):
 garbage-first heap   total 71680K, used 32267K [0x0000000702e00000, 0x0000000800000000)
  region size 2048K, 1 young (2048K), 1 survivors (2048K)
 Metaspace       used 74782K, committed 75584K, reserved 1114112K
  class space    used 10814K, committed 11200K, reserved 1048576K
}
Event: 12844.706 GC heap before
{Heap before GC invocations=98 (full 0):
 garbage-first heap   total 71680K, used 60939K [0x0000000702e00000, 0x0000000800000000)
  region size 2048K, 15 young (30720K), 1 survivors (2048K)
 Metaspace       used 74782K, committed 75584K, reserved 1114112K
  class space    used 10814K, committed 11200K, reserved 1048576K
}
Event: 12844.877 GC heap after
{Heap after GC invocations=99 (full 0):
 garbage-first heap   total 71680K, used 32250K [0x0000000702e00000, 0x0000000800000000)
  region size 2048K, 1 young (2048K), 1 survivors (2048K)
 Metaspace       used 74782K, committed 75584K, reserved 1114112K
  class space    used 10814K, committed 11200K, reserved 1048576K
}
Event: 13196.010 GC heap before
{Heap before GC invocations=99 (full 0):
 garbage-first heap   total 71680K, used 60922K [0x0000000702e00000, 0x0000000800000000)
  region size 2048K, 15 young (30720K), 1 survivors (2048K)
 Metaspace       used 74783K, committed 75584K, reserved 1114112K
  class space    used 10814K, committed 11200K, reserved 1048576K
}
Event: 13196.190 GC heap after
{Heap after GC invocations=100 (full 0):
 garbage-first heap   total 71680K, used 32289K [0x0000000702e00000, 0x0000000800000000)
  region size 2048K, 1 young (2048K), 1 survivors (2048K)
 Metaspace       used 74783K, committed 75584K, reserved 1114112K
  class space    used 10814K, committed 11200K, reserved 1048576K
}
Event: 13513.689 GC heap before
{Heap before GC invocations=101 (full 0):
 garbage-first heap   total 71680K, used 60961K [0x0000000702e00000, 0x0000000800000000)
  region size 2048K, 15 young (30720K), 1 survivors (2048K)
 Metaspace       used 74782K, committed 75584K, reserved 1114112K
  class space    used 10814K, committed 11200K, reserved 1048576K
}
Event: 13513.797 GC heap after
{Heap after GC invocations=102 (full 0):
 garbage-first heap   total 71680K, used 32565K [0x0000000702e00000, 0x0000000800000000)
  region size 2048K, 1 young (2048K), 1 survivors (2048K)
 Metaspace       used 74782K, committed 75584K, reserved 1114112K
  class space    used 10814K, committed 11200K, reserved 1048576K
}
Event: 13869.262 GC heap before
{Heap before GC invocations=102 (full 0):
 garbage-first heap   total 71680K, used 61237K [0x0000000702e00000, 0x0000000800000000)
  region size 2048K, 15 young (30720K), 1 survivors (2048K)
 Metaspace       used 74782K, committed 75584K, reserved 1114112K
  class space    used 10814K, committed 11200K, reserved 1048576K
}
Event: 13869.361 GC heap after
{Heap after GC invocations=103 (full 0):
 garbage-first heap   total 71680K, used 32271K [0x0000000702e00000, 0x0000000800000000)
  region size 2048K, 1 young (2048K), 1 survivors (2048K)
 Metaspace       used 74782K, committed 75584K, reserved 1114112K
  class space    used 10814K, committed 11200K, reserved 1048576K
}
Event: 14231.372 GC heap before
{Heap before GC invocations=104 (full 0):
 garbage-first heap   total 71680K, used 60943K [0x0000000702e00000, 0x0000000800000000)
  region size 2048K, 15 young (30720K), 1 survivors (2048K)
 Metaspace       used 74782K, committed 75584K, reserved 1114112K
  class space    used 10814K, committed 11200K, reserved 1048576K
}

